c:\users\pinkpanda\documents\visual studio 2013\projects\practice01\practice01\debug\vc140.pdb
c:\users\pinkpanda\documents\visual studio 2013\projects\practice01\practice01\debug\vc140.idb
c:\users\pinkpanda\documents\visual studio 2013\projects\practice01\practice01\debug\camera.obj
c:\users\pinkpanda\documents\visual studio 2013\projects\practice01\practice01\debug\gl_io_func.obj
c:\users\pinkpanda\documents\visual studio 2013\projects\practice01\practice01\debug\main.obj
c:\users\pinkpanda\documents\visual studio 2013\projects\practice01\practice01\debug\prac01.obj
c:\users\pinkpanda\documents\visual studio 2013\projects\practice01\practice01\debug\prac02.obj
c:\users\pinkpanda\documents\visual studio 2013\projects\practice01\practice01\debug\prac03.obj
c:\users\pinkpanda\documents\visual studio 2013\projects\practice01\practice01\debug\prac04.obj
c:\users\pinkpanda\documents\visual studio 2013\projects\practice01\practice01\debug\prac05.obj
c:\users\pinkpanda\documents\visual studio 2013\projects\practice01\practice01\debug\prac06.obj
c:\users\pinkpanda\documents\visual studio 2013\projects\practice01\practice01\debug\prac08.obj
c:\users\pinkpanda\documents\visual studio 2013\projects\practice01\practice01\debug\prac09.obj
c:\users\pinkpanda\documents\visual studio 2013\projects\practice01\practice01\debug\prac10.obj
c:\users\pinkpanda\documents\visual studio 2013\projects\practice01\practice01\debug\sample_cube.obj
c:\users\pinkpanda\documents\visual studio 2013\projects\practice01\practice01\debug\texture_example.obj
c:\users\pinkpanda\documents\visual studio 2013\projects\practice01\practice01\debug\texture.obj
c:\users\pinkpanda\documents\visual studio 2013\projects\practice01\practice01\debug\image_loader.obj
c:\users\pinkpanda\documents\visual studio 2013\projects\practice01\debug\practice01.ilk
c:\users\pinkpanda\documents\visual studio 2013\projects\practice01\debug\practice01.exe
c:\users\pinkpanda\documents\visual studio 2013\projects\practice01\debug\practice01.pdb
c:\users\pinkpanda\documents\visual studio 2013\projects\practice01\practice01\debug\practice01.tlog\cl.command.1.tlog
c:\users\pinkpanda\documents\visual studio 2013\projects\practice01\practice01\debug\practice01.tlog\cl.read.1.tlog
c:\users\pinkpanda\documents\visual studio 2013\projects\practice01\practice01\debug\practice01.tlog\cl.write.1.tlog
c:\users\pinkpanda\documents\visual studio 2013\projects\practice01\practice01\debug\practice01.tlog\link.command.1.tlog
c:\users\pinkpanda\documents\visual studio 2013\projects\practice01\practice01\debug\practice01.tlog\link.read.1.tlog
c:\users\pinkpanda\documents\visual studio 2013\projects\practice01\practice01\debug\practice01.tlog\link.write.1.tlog
